10.15 10.23 8.94 7/3102 28335
10.15 10.23 8.94 7/3108 28368
10.14 10.22 8.95 2/3099 28387
10.14 10.22 8.95 9/3099 28406
10.14 10.22 8.95 5/3099 28425
10.14 10.22 8.95 8/3099 28444
10.14 10.22 8.95 13/3098 28463
10.37 10.27 8.97 6/3087 28485
10.37 10.27 8.97 12/3089 28506
10.37 10.27 8.97 5/3089 28525
10.37 10.27 8.97 4/3089 28544
10.37 10.27 8.97 8/3089 28576
10.10 10.22 8.96 7/3088 28595
10.10 10.22 8.96 5/3088 28614
10.10 10.22 8.96 3/3088 28633
10.10 10.22 8.96 9/3088 28652
10.10 10.22 8.96 7/3088 28673
10.25 10.25 8.98 2/3084 28694
10.25 10.25 8.98 6/3083 28714
10.25 10.25 8.98 4/3083 28733
10.25 10.25 8.98 5/3083 28752
10.25 10.25 8.98 6/3083 28771
9.91 10.18 8.96 14/3081 28791
9.91 10.18 8.96 7/3081 28810
9.91 10.18 8.96 3/3081 28829
9.91 10.18 8.96 4/3081 28848
9.91 10.18 8.96 4/3081 28867
9.76 10.14 8.95 11/3081 28886
9.76 10.14 8.95 3/3081 28905
9.76 10.14 8.95 2/3081 28924
9.76 10.14 8.95 4/3080 28943
9.76 10.14 8.95 3/3080 28964
9.78 10.14 8.96 2/3080 28983
9.78 10.14 8.96 3/3080 29003
9.78 10.14 8.96 10/3080 29022
9.78 10.14 8.96 7/3080 29041
9.78 10.14 8.96 4/3079 29060
10.04 10.18 8.98 4/3079 29079
10.04 10.18 8.98 7/3080 29100
10.04 10.18 8.98 6/3080 29119
10.04 10.18 8.98 6/3079 29139
10.04 10.18 8.98 10/3079 29161
10.11 10.20 8.99 4/3077 29180
10.11 10.20 8.99 2/3076 29199
10.11 10.20 8.99 8/3073 29218
10.11 10.20 8.99 3/3069 29246
10.11 10.20 8.99 4/3067 29267
9.94 10.16 8.99 5/3063 29286
9.94 10.16 8.99 5/3061 29305
9.94 10.16 8.99 3/3060 29324
9.94 10.16 8.99 6/3060 29343
9.94 10.16 8.99 6/3058 29362
10.19 10.21 9.01 3/3058 29381
10.19 10.21 9.01 9/3058 29400
10.19 10.21 9.01 4/3056 29419
10.19 10.21 9.01 10/3056 29438
10.19 10.21 9.01 5/3056 29457
10.73 10.32 9.05 10/3056 29477
10.73 10.32 9.05 4/3056 29497
10.73 10.32 9.05 4/3056 29516
10.73 10.32 9.05 6/3057 29537
10.73 10.32 9.05 6/3056 29559
10.76 10.33 9.06 2/3056 29578
10.76 10.33 9.06 10/3056 29597
10.76 10.33 9.06 5/3056 29616
10.76 10.33 9.06 3/3056 29635
10.76 10.33 9.06 3/3056 29654
10.54 10.29 9.06 8/3056 29673
10.54 10.29 9.06 4/3056 29693
10.54 10.29 9.06 3/3056 29712
10.54 10.29 9.06 8/3056 29731
10.54 10.29 9.06 5/3056 29750
10.65 10.32 9.07 5/3056 29769
10.65 10.32 9.07 2/3056 29788
10.65 10.32 9.07 5/3056 29807
10.65 10.32 9.07 3/3056 29826
10.65 10.32 9.07 4/3056 29847
10.52 10.30 9.07 3/3056 29866
10.52 10.30 9.07 12/3056 29885
10.52 10.30 9.07 2/3056 29904
10.52 10.30 9.07 2/3056 29924
10.52 10.30 9.07 10/3057 29945
10.24 10.25 9.06 4/3056 29965
10.24 10.25 9.06 8/3056 29984
10.24 10.25 9.06 4/3056 30003
10.24 10.25 9.06 3/3056 30022
10.24 10.25 9.06 2/3056 30041
10.14 10.22 9.06 4/3056 30060
10.14 10.22 9.06 2/3056 30079
10.14 10.22 9.06 6/3056 30098
10.14 10.22 9.06 3/3056 30117
10.14 10.22 9.06 4/3056 30139
10.29 10.25 9.08 5/3056 30158
10.29 10.25 9.08 9/3055 30177
10.29 10.25 9.08 5/3054 30196
10.29 10.25 9.08 5/3055 30216
10.29 10.25 9.08 9/3055 30235
9.94 10.18 9.06 5/3056 30255
9.94 10.18 9.06 6/3056 30274
9.94 10.18 9.06 4/3056 30293
9.94 10.18 9.06 13/3056 30312
9.94 10.18 9.06 10/3056 30331
9.79 10.15 9.06 3/3057 30352
9.79 10.15 9.06 4/3056 30373
9.79 10.15 9.06 5/3056 30392
9.79 10.15 9.06 4/3056 30419
9.79 10.15 9.06 5/3056 30444
9.97 10.18 9.07 5/3057 30464
9.97 10.18 9.07 2/3057 30483
9.97 10.18 9.07 3/3057 30502
9.97 10.18 9.07 4/3057 30521
9.97 10.18 9.07 6/3057 30540
10.05 10.19 9.08 4/3057 30559
10.05 10.19 9.08 8/3056 30578
10.05 10.19 9.08 6/3056 30597
10.05 10.19 9.08 4/3056 30618
10.05 10.19 9.08 4/3054 30637
9.88 10.16 9.08 6/3054 30656
9.88 10.16 9.08 5/3054 30676
9.88 10.16 9.08 5/3054 30695
9.88 10.16 9.08 5/3054 30714
9.88 10.16 9.08 4/3054 30735
10.05 10.19 9.09 3/3054 30754
10.05 10.19 9.09 10/3055 30775
10.05 10.19 9.09 5/3054 30795
10.05 10.19 9.09 9/3054 30814
10.05 10.19 9.09 6/3054 30833
9.81 10.13 9.08 4/3054 30853
9.81 10.13 9.08 6/3054 30872
9.81 10.13 9.08 2/3054 30891
9.81 10.13 9.08 4/3054 30910
9.81 10.13 9.08 4/3054 30929
9.66 10.10 9.08 4/3054 30948
9.66 10.10 9.08 5/3054 30967
9.66 10.10 9.08 3/3054 30986
9.66 10.10 9.08 3/3054 31005
9.66 10.10 9.08 2/3054 31026
9.37 10.03 9.06 6/3054 31045
9.37 10.03 9.06 6/3054 31065
9.37 10.03 9.06 4/3054 31084
9.37 10.03 9.06 3/3054 31103
9.37 10.03 9.06 4/3054 31122
9.26 10.00 9.05 7/3054 31141
9.26 10.00 9.05 2/3054 31160
9.26 10.00 9.05 4/3055 31181
9.26 10.00 9.05 4/3054 31201
9.26 10.00 9.05 4/3054 31220
9.16 9.96 9.05 4/3054 31239
9.16 9.96 9.05 6/3054 31258
9.16 9.96 9.05 2/3054 31278
9.16 9.96 9.05 4/3054 31297
9.16 9.96 9.05 4/3054 31318
9.07 9.93 9.04 2/3054 31337
9.07 9.93 9.04 7/3054 31356
9.07 9.93 9.04 6/3054 31375
9.07 9.93 9.04 3/3054 31394
9.07 9.93 9.04 11/3054 31413
9.14 9.93 9.05 6/3054 31432
9.14 9.93 9.05 10/3054 31451
9.14 9.93 9.05 3/3054 31470
9.14 9.93 9.05 4/3054 31489
9.14 9.93 9.05 5/3052 31509
9.13 9.91 9.05 7/3052 31528
9.13 9.91 9.05 5/3052 31547
9.13 9.91 9.05 6/3052 31566
9.13 9.91 9.05 8/3052 31595
9.13 9.91 9.05 4/3051 31621
9.52 9.98 9.07 13/3051 31640
9.52 9.98 9.07 3/3051 31659
9.52 9.98 9.07 2/3051 31678
9.52 9.98 9.07 5/3051 31697
9.52 9.98 9.07 5/3051 31716
9.56 9.98 9.08 5/3051 31736
9.56 9.98 9.08 2/3051 31755
9.56 9.98 9.08 8/3051 31774
9.56 9.98 9.08 6/3051 31793
9.56 9.98 9.08 8/3051 31812
9.67 10.00 9.09 3/3051 31831
9.67 10.00 9.09 2/3051 31851
9.67 10.00 9.09 2/3051 31870
9.67 10.00 9.09 5/3051 31889
9.67 10.00 9.09 7/3051 31910
9.54 9.97 9.08 4/3051 31929
9.54 9.97 9.08 4/3052 31949
9.54 9.97 9.08 2/3052 31969
