2500.73 8848.85
2501.70 8852.03
2502.69 8855.90
2503.69 8859.76
2504.69 8863.61
2505.69 8867.35
2506.69 8870.77
2507.68 8874.11
2508.69 8877.64
2509.69 8880.37
2510.70 8882.54
2511.70 8884.56
2512.69 8886.83
2513.69 8889.42
2514.68 8892.11
2515.69 8894.79
2516.70 8897.36
2517.69 8900.03
2518.69 8902.54
2519.69 8905.11
2520.69 8907.70
2521.68 8910.16
2522.69 8912.72
2523.69 8915.33
2524.69 8917.92
2525.69 8920.52
2526.70 8923.12
2527.69 8925.72
2528.70 8928.36
2529.69 8930.99
2530.69 8933.61
2531.69 8936.16
2532.69 8938.76
2533.69 8941.38
2534.70 8944.06
2535.69 8946.66
2536.69 8949.27
2537.69 8951.89
2538.68 8954.50
2539.70 8957.16
2540.69 8959.75
2541.68 8962.33
2542.69 8964.89
2543.70 8967.54
2544.69 8970.20
2545.70 8972.86
2546.69 8975.42
2547.69 8978.06
2548.68 8980.77
2549.69 8983.49
2550.69 8986.18
2551.70 8988.86
2552.69 8991.47
2553.68 8994.11
2554.70 8996.80
2555.69 8999.48
2556.69 9002.13
2557.68 9004.79
2558.69 9007.41
2559.69 9010.09
2560.69 9012.74
2561.69 9015.35
2562.70 9017.99
2563.69 9020.64
2564.70 9023.40
2565.69 9026.08
2566.69 9028.73
2567.69 9031.44
2568.69 9034.12
2569.69 9036.81
2570.69 9039.48
2571.69 9042.19
2572.69 9044.88
2573.69 9047.55
2574.69 9050.18
2575.69 9052.91
2576.69 9055.55
2577.70 9058.23
2578.68 9060.90
2579.70 9063.66
2580.69 9066.29
2581.70 9068.86
2582.68 9071.47
2583.69 9074.19
2584.70 9076.85
2585.69 9079.51
2586.70 9082.23
2587.70 9084.97
2588.69 9087.65
2589.69 9090.36
2590.69 9093.05
2591.70 9095.66
2592.69 9098.36
2593.68 9101.02
2594.70 9103.71
2595.69 9106.35
2596.69 9108.94
2597.69 9111.60
2598.70 9114.32
2599.69 9116.99
2600.69 9119.66
2601.69 9122.24
2602.70 9124.91
2603.69 9127.53
2604.69 9130.17
2605.69 9132.80
2606.69 9135.37
2607.71 9138.11
2608.70 9140.82
2609.70 9143.48
2610.69 9146.18
2611.69 9148.79
2612.69 9151.55
2613.70 9154.19
2614.69 9156.72
2615.69 9159.32
2616.69 9161.88
2617.70 9164.60
2618.69 9167.26
2619.70 9169.87
2620.70 9172.57
2621.69 9175.19
2622.70 9177.88
2623.70 9180.52
2624.70 9183.19
2625.69 9185.88
2626.68 9188.53
2627.70 9191.25
2628.70 9193.97
2629.70 9196.64
2630.69 9199.30
2631.70 9201.95
2632.70 9204.62
2633.70 9207.30
2634.69 9209.82
2635.69 9212.48
2636.70 9215.18
2637.70 9217.86
2638.69 9220.58
2639.69 9223.19
2640.70 9225.83
2641.69 9228.42
2642.69 9231.01
2643.70 9233.71
2644.70 9236.38
2645.69 9238.90
2646.70 9241.64
2647.70 9244.30
2648.69 9246.95
2649.70 9249.62
2650.69 9252.23
2651.69 9254.86
2652.69 9257.55
2653.70 9260.21
2654.70 9262.88
2655.69 9265.55
2656.70 9268.20
2657.71 9270.95
2658.70 9273.66
2659.69 9276.34
2660.69 9279.04
2661.71 9281.70
2662.70 9284.31
2663.69 9287.02
2664.69 9289.66
2665.69 9292.30
2666.69 9294.85
2667.70 9297.49
2668.69 9300.12
2669.70 9302.89
2670.70 9305.60
2671.69 9308.21
2672.70 9310.98
2673.71 9313.63
2674.69 9316.29
2675.70 9318.90
2676.70 9321.58
2677.70 9324.24
2678.69 9326.92
2679.70 9329.59
2680.70 9332.25
2681.70 9334.98
2682.69 9337.62
2683.71 9340.38
2684.70 9343.06
