9.14 9.56 9.12 3/3052 6216
9.14 9.56 9.12 3/3062 6250
9.14 9.56 9.12 2/3062 6269
9.14 9.56 9.12 4/3063 6290
8.97 9.52 9.11 3/3062 6310
8.97 9.52 9.11 7/3062 6329
8.97 9.52 9.11 5/3062 6348
8.97 9.52 9.11 2/3065 6378
8.97 9.52 9.11 7/3066 6399
8.97 9.51 9.11 8/3066 6420
8.97 9.51 9.11 9/3066 6440
8.97 9.51 9.11 1/3066 6459
8.97 9.51 9.11 8/3065 6480
8.97 9.51 9.11 5/3065 6499
9.13 9.53 9.12 5/3065 6518
9.13 9.53 9.12 2/3065 6537
9.13 9.53 9.12 2/3065 6556
9.13 9.53 9.12 4/3065 6575
9.13 9.53 9.12 4/3061 6594
9.68 9.64 9.16 6/3061 6614
9.68 9.64 9.16 3/3061 6634
9.68 9.64 9.16 3/3061 6653
9.68 9.64 9.16 3/3061 6673
9.68 9.64 9.16 11/3059 6692
9.71 9.65 9.16 2/3060 6715
9.71 9.65 9.16 5/3059 6735
9.71 9.65 9.16 3/3059 6754
9.71 9.65 9.16 6/3059 6774
9.71 9.65 9.16 5/3059 6793
9.65 9.64 9.16 6/3033 6813
9.65 9.64 9.16 6/3032 6832
9.65 9.64 9.16 2/3032 6851
9.65 9.64 9.16 3/3032 6870
9.65 9.64 9.16 9/3032 6890
9.68 9.64 9.17 3/3032 6909
9.68 9.64 9.17 2/3032 6928
9.68 9.64 9.17 2/3032 6947
9.68 9.64 9.17 2/3032 6966
9.68 9.64 9.17 2/3031 6985
9.54 9.62 9.16 2/3031 7006
9.54 9.62 9.16 5/3031 7025
9.54 9.62 9.16 3/3031 7044
9.54 9.62 9.16 2/3031 7063
9.54 9.62 9.16 5/3031 7083
9.26 9.56 9.14 2/3028 7102
9.26 9.56 9.14 5/3025 7124
9.26 9.56 9.14 2/3020 7144
9.26 9.56 9.14 6/3020 7163
9.26 9.56 9.14 3/3020 7182
9.16 9.53 9.14 3/3014 7201
9.16 9.53 9.14 3/3014 7220
9.16 9.53 9.14 4/3012 7239
9.16 9.53 9.14 5/3012 7258
9.16 9.53 9.14 4/3009 7277
9.07 9.50 9.13 5/3009 7298
9.07 9.50 9.13 3/3009 7317
9.07 9.50 9.13 6/3009 7345
9.07 9.50 9.13 2/3009 7365
9.07 9.50 9.13 2/3009 7384
9.14 9.51 9.14 4/3009 7404
9.14 9.51 9.14 11/3009 7425
9.14 9.51 9.14 3/3008 7444
9.14 9.51 9.14 3/3008 7463
9.14 9.51 9.14 3/3007 7482
8.89 9.45 9.12 8/3007 7501
8.89 9.45 9.12 3/3007 7520
8.89 9.45 9.12 2/3008 7541
8.89 9.45 9.12 2/3007 7569
8.89 9.45 9.12 2/3007 7593
9.06 9.48 9.13 6/3007 7614
9.06 9.48 9.13 3/3007 7633
9.06 9.48 9.13 2/3007 7652
9.06 9.48 9.13 6/3007 7671
9.06 9.48 9.13 4/3007 7690
10.01 9.67 9.19 3/3007 7709
10.01 9.67 9.19 3/3007 7728
10.01 9.67 9.19 3/3007 7747
10.01 9.67 9.19 2/3007 7766
10.01 9.67 9.19 3/3012 7793
9.69 9.61 9.18 4/3012 7813
9.69 9.61 9.18 7/3012 7833
9.69 9.61 9.18 6/3012 7852
9.69 9.61 9.18 2/3012 7872
9.69 9.61 9.18 3/3012 7891
9.64 9.60 9.18 3/3012 7912
9.64 9.60 9.18 2/3012 7932
9.64 9.60 9.18 4/3012 7951
9.64 9.60 9.18 3/3013 7972
9.64 9.60 9.18 6/3012 7996
9.67 9.61 9.18 3/3012 8015
9.67 9.61 9.18 5/3012 8034
9.67 9.61 9.18 3/3012 8055
9.67 9.61 9.18 4/3012 8076
9.67 9.61 9.18 3/3012 8096
9.61 9.60 9.18 6/3012 8115
9.61 9.60 9.18 3/3012 8134
9.61 9.60 9.18 4/3012 8153
9.61 9.60 9.18 2/3012 8172
9.61 9.60 9.18 4/3012 8191
9.40 9.55 9.17 3/3012 8212
9.40 9.55 9.17 2/3012 8231
9.40 9.55 9.17 2/3012 8250
9.40 9.55 9.17 4/3012 8270
9.40 9.55 9.17 2/3012 8289
9.21 9.51 9.16 2/3012 8308
9.21 9.51 9.16 3/3012 8327
9.21 9.51 9.16 6/3012 8346
9.21 9.51 9.16 2/3012 8365
9.21 9.51 9.16 5/3013 8386
8.95 9.45 9.14 3/3013 8405
8.95 9.45 9.14 9/3012 8426
8.95 9.45 9.14 3/3012 8445
8.95 9.45 9.14 9/3012 8465
8.95 9.45 9.14 6/3012 8484
8.96 9.44 9.14 5/3011 8506
8.96 9.44 9.14 5/3011 8525
8.96 9.44 9.14 3/3010 8544
8.96 9.44 9.14 3/3007 8565
8.96 9.44 9.14 3/3007 8587
8.96 9.44 9.14 8/3007 8607
8.96 9.44 9.14 8/3006 8626
8.96 9.44 9.14 2/3006 8645
8.96 9.44 9.14 6/3006 8664
8.96 9.44 9.14 2/3006 8683
9.12 9.46 9.15 3/3005 8706
9.12 9.46 9.15 2/3005 8726
9.12 9.46 9.15 3/3005 8745
9.12 9.46 9.15 2/3005 8772
9.12 9.46 9.15 5/3005 8795
9.19 9.47 9.15 3/3005 8816
9.19 9.47 9.15 3/3006 8837
9.19 9.47 9.15 3/3006 8859
9.19 9.47 9.15 5/3006 8878
9.19 9.47 9.15 6/3006 8898
9.10 9.45 9.15 5/3006 8917
9.10 9.45 9.15 8/3006 8936
9.10 9.45 9.15 2/3006 8955
9.10 9.45 9.15 2/3006 8975
9.10 9.45 9.15 8/3005 8997
9.41 9.51 9.17 4/3003 9016
9.41 9.51 9.17 3/3003 9036
9.41 9.51 9.17 2/3003 9055
9.41 9.51 9.17 6/3003 9074
9.41 9.51 9.17 4/3003 9093
9.06 9.43 9.14 7/3001 9114
9.06 9.43 9.14 3/3001 9133
9.06 9.43 9.14 3/3001 9152
9.06 9.43 9.14 4/3001 9171
9.06 9.43 9.14 4/3001 9190
8.81 9.37 9.13 3/3001 9210
8.81 9.37 9.13 5/3001 9229
8.81 9.37 9.13 3/3002 9250
8.81 9.37 9.13 8/3001 9273
8.81 9.37 9.13 3/3001 9295
8.91 9.38 9.13 2/3001 9314
8.91 9.38 9.13 3/3001 9333
8.91 9.38 9.13 2/3001 9352
8.91 9.38 9.13 6/3001 9371
8.91 9.38 9.13 2/3001 9390
8.84 9.36 9.13 10/3001 9415
8.84 9.36 9.13 9/3001 9434
8.84 9.36 9.13 3/3001 9454
8.84 9.36 9.13 6/3001 9473
8.84 9.36 9.13 3/3001 9492
8.77 9.34 9.12 5/3001 9511
8.77 9.34 9.12 2/3000 9530
8.77 9.34 9.12 3/3000 9549
8.77 9.34 9.12 3/3000 9568
8.77 9.34 9.12 4/3000 9587
9.19 9.42 9.15 5/3000 9606
9.19 9.42 9.15 5/3000 9625
9.19 9.42 9.15 2/3000 9644
9.19 9.42 9.15 4/3001 9665
9.19 9.42 9.15 4/3000 9686
9.65 9.51 9.18 6/3000 9706
9.65 9.51 9.18 2/3000 9727
9.65 9.51 9.18 6/3000 9746
9.65 9.51 9.18 2/3000 9765
9.65 9.51 9.18 5/3000 9784
9.84 9.55 9.19 2/3000 9803
9.84 9.55 9.19 4/3000 9822
9.84 9.55 9.19 5/3000 9841
9.84 9.55 9.19 3/3000 9860
9.84 9.55 9.19 5/3000 9879
9.61 9.51 9.18 9/3000 9898
