2958.79 10162.99
2959.76 10166.50
2960.76 10170.30
2961.75 10174.02
2962.75 10177.83
2963.75 10181.60
2964.76 10185.10
2965.76 10188.47
2966.75 10191.88
2967.76 10194.74
2968.76 10197.01
2969.76 10199.53
2970.76 10202.43
2971.75 10205.34
2972.75 10208.21
2973.77 10211.07
2974.77 10213.98
2975.76 10216.86
2976.75 10219.75
2977.76 10222.76
2978.76 10225.73
2979.76 10228.73
2980.76 10231.69
2981.76 10234.71
2982.76 10237.72
2983.76 10240.66
2984.76 10243.63
2985.76 10246.72
2986.75 10249.70
2987.75 10252.75
2988.77 10255.83
2989.76 10258.82
2990.76 10261.78
2991.75 10264.75
2992.76 10267.86
2993.76 10270.93
2994.75 10273.94
2995.76 10277.07
2996.76 10280.12
2997.77 10283.22
2998.77 10286.22
2999.76 10289.25
3000.76 10292.27
3001.76 10295.26
3002.77 10298.38
3003.76 10301.45
3004.75 10304.49
3005.76 10307.59
3006.76 10310.70
3007.76 10313.85
3008.76 10316.92
3009.75 10319.98
3010.76 10323.05
3011.77 10326.22
3012.76 10329.31
3013.75 10332.38
3014.76 10335.50
3015.76 10338.50
3016.76 10341.51
3017.75 10344.65
3018.76 10347.77
3019.76 10350.88
3020.76 10353.92
3021.76 10356.97
3022.76 10360.09
3023.76 10363.23
3024.76 10366.34
3025.76 10369.41
3026.76 10372.41
3027.75 10375.57
3028.76 10378.73
3029.75 10381.85
3030.77 10385.03
3031.76 10388.17
3032.76 10391.29
3033.75 10394.39
3034.77 10397.56
3035.76 10400.67
3036.76 10403.70
3037.76 10406.77
3038.76 10409.87
3039.76 10412.96
3040.76 10416.02
3041.77 10419.16
3042.76 10422.32
3043.76 10425.48
3044.75 10428.59
3045.76 10431.84
3046.76 10434.97
3047.75 10438.10
3048.76 10441.23
3049.76 10444.45
3050.77 10447.61
3051.76 10450.73
3052.76 10453.83
3053.75 10457.00
3054.76 10460.17
3055.75 10463.26
3056.77 10466.40
3057.76 10469.50
3058.77 10472.69
3059.76 10475.80
3060.77 10478.95
3061.76 10482.06
3062.76 10485.18
3063.76 10488.34
3064.77 10491.56
3065.75 10494.64
3066.77 10497.86
3067.76 10500.94
3068.76 10504.01
3069.75 10507.22
3070.75 10510.36
3071.76 10513.48
3072.76 10516.62
3073.75 10519.78
3074.76 10523.04
3075.77 10526.15
3076.76 10529.21
3077.77 10532.45
3078.77 10535.65
3079.76 10538.81
3080.77 10542.06
3081.76 10545.18
3082.76 10548.34
3083.76 10551.56
3084.76 10554.75
3085.77 10557.95
3086.76 10561.12
3087.76 10564.34
3088.77 10567.54
3089.76 10570.73
3090.75 10573.91
3091.77 10577.09
3092.76 10580.27
3093.77 10583.47
3094.77 10586.72
3095.76 10589.89
3096.76 10593.06
3097.76 10596.18
3098.77 10599.46
3099.76 10602.62
3100.76 10605.78
3101.76 10608.99
3102.75 10612.13
3103.77 10615.31
3104.76 10618.50
3105.76 10621.70
3106.76 10624.98
3107.77 10628.19
3108.77 10631.42
3109.77 10634.66
3110.76 10637.85
3111.75 10641.00
3112.76 10644.14
3113.77 10647.40
3114.77 10650.53
3115.76 10653.80
3116.76 10657.04
3117.75 10660.20
3118.77 10663.40
3119.76 10666.58
3120.76 10669.75
3121.76 10672.95
3122.76 10676.12
3123.76 10679.34
3124.76 10682.56
3125.76 10685.76
3126.77 10689.02
3127.77 10692.24
3128.76 10695.52
3129.76 10698.65
3130.77 10701.81
3131.76 10704.94
3132.77 10708.13
3133.76 10711.30
3134.76 10714.47
3135.76 10717.71
3136.77 10720.96
3137.76 10724.17
3138.76 10727.43
3139.77 10730.61
3140.76 10733.83
3141.76 10737.06
3142.76 10740.29
3143.76 10743.51
