9.05 9.78 9.06 2/3107 32304
9.05 9.78 9.06 2/3120 32341
8.89 9.74 9.05 4/3120 32361
8.89 9.74 9.05 7/3120 32380
8.89 9.74 9.05 3/3120 32399
8.89 9.74 9.05 3/3120 32418
8.89 9.74 9.05 10/3120 32437
8.57 9.66 9.03 2/3122 32459
8.57 9.66 9.03 9/3123 32480
8.57 9.66 9.03 3/3123 32500
8.57 9.66 9.03 8/3123 32519
8.57 9.66 9.03 7/3109 32546
8.45 9.61 9.02 8/3108 32567
8.45 9.61 9.02 6/3108 32587
8.45 9.61 9.02 2/3108 32606
8.45 9.61 9.02 3/3108 32625
8.45 9.61 9.02 5/3108 32644
8.33 9.57 9.01 5/3104 32663
8.33 9.57 9.01 6/3104 32682
8.33 9.57 9.01 2/3104 32701
8.33 9.57 9.01 9/3105 32722
8.33 9.57 9.01 7/3104 32742
8.31 9.54 9.00 4/3102 32761
8.31 9.54 9.00 8/3102 445
8.31 9.54 9.00 5/3102 476
8.31 9.54 9.00 2/3102 497
8.31 9.54 9.00 3/3102 525
8.31 9.54 9.00 3/3102 559
8.20 9.50 8.99 2/3068 647
8.20 9.50 8.99 3/3069 719
8.20 9.50 8.99 3/3068 759
8.20 9.50 8.99 3/3068 812
8.20 9.50 8.99 8/3068 844
8.26 9.49 8.99 5/3068 885
8.26 9.49 8.99 10/3068 959
8.26 9.49 8.99 5/3068 997
8.26 9.49 8.99 10/3068 1060
8.24 9.47 8.99 5/3067 1080
8.24 9.47 8.99 2/3067 1164
8.24 9.47 8.99 3/3067 1255
8.24 9.47 8.99 3/3067 1279
8.24 9.47 8.99 10/3068 1327
8.24 9.47 8.99 2/3068 1349
8.30 9.46 8.99 2/3064 1394
8.30 9.46 8.99 1/3064 1432
8.30 9.46 8.99 4/3057 1453
8.30 9.46 8.99 4/3054 1498
8.30 9.46 8.99 2/3054 1570
8.36 9.45 8.99 2/3052 1616
8.36 9.45 8.99 3/3046 1667
8.36 9.45 8.99 2/3045 1717
8.36 9.45 8.99 2/3043 1737
8.36 9.45 8.99 6/3043 1769
8.33 9.43 8.98 4/3043 1811
8.33 9.43 8.98 8/3043 1844
8.33 9.43 8.98 6/3039 1878
8.33 9.43 8.98 13/3039 1927
8.33 9.43 8.98 2/3039 1959
8.62 9.47 9.00 6/3039 2007
8.62 9.47 9.00 6/3039 2057
8.62 9.47 9.00 7/3039 2113
8.62 9.47 9.00 7/3039 2158
8.62 9.47 9.00 3/3039 2178
8.82 9.50 9.01 5/3040 2209
8.82 9.50 9.01 10/3039 2233
8.82 9.50 9.01 4/3039 2253
8.82 9.50 9.01 4/3039 2281
8.82 9.50 9.01 4/3039 2319
9.23 9.57 9.04 5/3039 2349
9.23 9.57 9.04 3/3039 2371
9.23 9.57 9.04 4/3039 2410
9.23 9.57 9.04 4/3039 2429
9.23 9.57 9.04 9/3037 2463
9.05 9.53 9.02 4/3032 2499
9.05 9.53 9.02 2/3032 2557
9.05 9.53 9.02 4/3032 2600
9.05 9.53 9.02 2/3032 2625
9.05 9.53 9.02 3/3031 2659
9.13 9.54 9.03 3/3031 2693
9.13 9.54 9.03 7/3031 2751
9.13 9.54 9.03 3/3031 2792
9.13 9.54 9.03 4/3031 2824
9.13 9.54 9.03 4/3031 2873
9.12 9.53 9.03 3/3031 2944
9.12 9.53 9.03 4/3032 2987
9.12 9.53 9.03 2/3031 3010
9.12 9.53 9.03 2/3031 3055
9.12 9.53 9.03 4/3031 3106
9.35 9.57 9.05 5/3032 3211
9.35 9.57 9.05 6/3032 3276
9.35 9.57 9.05 5/3032 3333
9.35 9.57 9.05 2/3032 3375
9.35 9.57 9.05 3/3032 3427
9.80 9.66 9.08 3/3032 3481
9.80 9.66 9.08 3/3032 3514
9.80 9.66 9.08 6/3032 3556
9.80 9.66 9.08 6/3032 3621
9.80 9.66 9.08 4/3032 3653
9.74 9.65 9.08 7/3032 3721
9.74 9.65 9.08 2/3032 3799
9.74 9.65 9.08 7/3032 3826
9.74 9.65 9.08 6/3032 3874
9.74 9.65 9.08 7/3032 3926
9.44 9.59 9.06 3/3032 3976
9.44 9.59 9.06 6/3032 4002
9.44 9.59 9.06 3/3033 4038
9.44 9.59 9.06 8/3032 4065
9.44 9.59 9.06 7/3032 4091
9.40 9.58 9.06 2/3032 4118
9.40 9.58 9.06 6/3032 4163
9.40 9.58 9.06 8/3032 4219
9.40 9.58 9.06 3/3032 4241
9.40 9.58 9.06 4/3031 4264
9.29 9.55 9.05 5/3031 4291
9.29 9.55 9.05 5/3032 4323
9.29 9.55 9.05 2/3031 4346
9.29 9.55 9.05 5/3029 4388
9.29 9.55 9.05 5/3029 4414
9.51 9.59 9.07 6/3029 4437
9.51 9.59 9.07 2/3029 4460
9.51 9.59 9.07 6/3029 4487
9.51 9.59 9.07 5/3029 4506
9.51 9.59 9.07 2/3029 4526
9.39 9.56 9.06 4/3029 4565
9.39 9.56 9.06 5/3029 4584
9.39 9.56 9.06 4/3029 4612
9.39 9.56 9.06 2/3030 4637
9.39 9.56 9.06 2/3029 4660
9.19 9.52 9.05 7/3029 4679
9.19 9.52 9.05 4/3030 4702
9.19 9.52 9.05 4/3030 4725
9.19 9.52 9.05 5/3030 4747
9.19 9.52 9.05 3/3030 4776
9.58 9.60 9.08 6/3030 4806
9.58 9.60 9.08 5/3030 4827
9.58 9.60 9.08 3/3030 4847
9.58 9.60 9.08 3/3030 4867
9.58 9.60 9.08 6/3030 4887
9.85 9.65 9.10 6/3030 4907
9.85 9.65 9.10 5/3030 4935
9.85 9.65 9.10 3/3030 4955
9.85 9.65 9.10 7/3030 4974
9.85 9.65 9.10 5/3030 4997
10.27 9.74 9.13 4/3030 5018
10.27 9.74 9.13 4/3030 5043
10.27 9.74 9.13 4/3030 5062
10.27 9.74 9.13 2/3030 5085
10.27 9.74 9.13 4/3031 5112
10.24 9.75 9.14 2/3030 5138
10.24 9.75 9.14 10/3030 5163
10.24 9.75 9.14 5/3030 5183
10.24 9.75 9.14 6/3030 5216
10.24 9.75 9.14 4/3030 5248
10.14 9.73 9.14 5/3030 5267
10.14 9.73 9.14 3/3030 5286
10.14 9.73 9.14 3/3030 5305
10.14 9.73 9.14 10/3030 5325
10.14 9.73 9.14 4/3030 5345
10.05 9.72 9.14 5/3030 5364
10.05 9.72 9.14 6/3030 5383
10.05 9.72 9.14 3/3030 5404
10.05 9.72 9.14 4/3030 5424
10.05 9.72 9.14 3/3030 5479
9.73 9.66 9.12 4/3030 5501
9.73 9.66 9.12 6/3030 5520
9.73 9.66 9.12 4/3030 5539
9.73 9.66 9.12 6/3030 5561
9.73 9.66 9.12 5/3030 5581
9.67 9.65 9.12 5/3031 5604
9.67 9.65 9.12 7/3030 5624
9.67 9.65 9.12 2/3030 5645
9.67 9.65 9.12 2/3030 5664
9.67 9.65 9.12 4/3030 5683
9.70 9.65 9.12 6/3030 5705
9.70 9.65 9.12 3/3030 5724
9.70 9.65 9.12 7/3030 5744
9.70 9.65 9.12 3/3030 5775
9.70 9.65 9.12 5/3030 5794
9.72 9.66 9.13 7/3030 5816
9.72 9.66 9.13 2/3030 5835
9.72 9.66 9.13 5/3030 5854
9.72 9.66 9.13 4/3030 5873
9.72 9.66 9.13 3/3030 5892
9.66 9.65 9.13 3/3030 5911
9.66 9.65 9.13 2/3030 5930
