2730.10 9506.24
2731.07 9509.79
2732.08 9513.64
2733.06 9517.35
2734.06 9521.19
2735.07 9525.02
2736.06 9528.52
2737.08 9531.92
2738.07 9535.38
2739.07 9538.04
2740.07 9540.30
2741.07 9542.44
2742.08 9544.70
2743.08 9547.30
2744.07 9549.88
2745.08 9552.61
2746.09 9555.16
2747.07 9557.67
2748.08 9560.39
2749.08 9562.92
2750.07 9565.55
2751.07 9568.12
2752.08 9570.73
2753.08 9573.32
2754.07 9575.82
2755.08 9578.52
2756.08 9581.18
2757.07 9583.74
2758.07 9586.38
2759.07 9589.05
2760.08 9591.66
2761.09 9594.22
2762.07 9596.77
2763.08 9599.40
2764.07 9602.05
2765.06 9604.57
2766.08 9607.25
2767.08 9609.78
2768.08 9612.40
2769.07 9615.03
2770.07 9617.67
2771.07 9620.32
2772.06 9622.87
2773.08 9625.44
2774.08 9628.16
2775.07 9630.83
2776.07 9633.43
2777.06 9636.06
2778.08 9638.77
2779.08 9641.42
2780.07 9644.08
2781.07 9646.69
2782.08 9649.32
2783.07 9651.96
2784.07 9654.67
2785.08 9657.41
2786.07 9659.90
2787.07 9662.45
2788.08 9665.16
2789.08 9667.83
2790.08 9670.45
2791.08 9673.10
2792.08 9675.75
2793.08 9678.37
2794.07 9681.04
2795.07 9683.63
2796.08 9686.34
2797.07 9689.00
2798.07 9691.65
2799.08 9694.27
2800.08 9696.97
2801.07 9699.65
2802.08 9702.29
2803.08 9704.98
2804.08 9707.65
2805.08 9710.37
2806.08 9713.00
2807.07 9715.66
2808.07 9718.36
2809.07 9721.04
2810.08 9723.77
2811.07 9726.44
2812.07 9729.00
2813.07 9731.60
2814.08 9734.33
2815.08 9737.00
2816.08 9739.65
2817.07 9742.26
2818.08 9744.97
2819.08 9747.67
2820.07 9750.34
2821.08 9753.02
2822.07 9755.64
2823.08 9758.33
2824.08 9761.03
2825.07 9763.75
2826.08 9766.45
2827.08 9769.12
2828.07 9771.85
2829.08 9774.59
2830.08 9777.28
2831.08 9779.97
2832.08 9782.62
2833.08 9785.24
2834.07 9787.94
2835.08 9790.64
2836.07 9793.24
2837.08 9795.90
2838.07 9798.64
2839.07 9801.16
2840.07 9803.84
2841.08 9806.56
2842.08 9809.16
2843.07 9811.90
2844.07 9814.58
2845.08 9817.31
2846.09 9819.98
2847.08 9822.62
2848.08 9825.33
2849.07 9828.02
2850.08 9830.75
2851.08 9833.43
2852.07 9836.05
2853.08 9838.67
2854.07 9841.35
2855.08 9844.06
2856.08 9846.68
2857.09 9849.35
2858.08 9852.02
2859.08 9854.61
2860.07 9857.31
2861.07 9859.93
2862.07 9862.55
2863.08 9865.29
2864.08 9867.96
2865.07 9870.62
2866.09 9873.32
2867.08 9875.94
2868.08 9878.59
2869.08 9881.25
2870.08 9883.96
2871.08 9886.64
2872.07 9889.24
2873.08 9891.87
2874.08 9894.61
2875.08 9897.29
2876.07 9900.02
2877.07 9902.67
2878.08 9905.34
2879.08 9907.99
2880.08 9910.67
2881.08 9913.40
2882.08 9915.98
2883.07 9918.61
2884.08 9921.36
2885.07 9923.89
2886.07 9926.65
2887.07 9929.31
2888.08 9932.07
2889.08 9934.75
2890.08 9937.40
2891.07 9940.11
2892.08 9942.77
2893.08 9945.36
2894.08 9948.04
2895.07 9950.65
2896.07 9953.27
2897.08 9956.01
2898.09 9958.72
2899.08 9961.30
2900.09 9963.90
2901.08 9966.57
2902.08 9969.21
2903.08 9971.88
2904.07 9974.49
2905.08 9977.21
2906.08 9979.82
2907.07 9982.50
2908.08 9985.24
2909.08 9987.96
2910.09 9990.59
2911.08 9993.33
2912.08 9995.95
2913.08 9998.56
2914.08 10001.24
2915.08 10003.96
