9.55 8.49 6.86 1/3155 12597
8.91 8.40 6.86 5/3137 12658
8.91 8.40 6.86 4/3137 12677
9.00 8.42 6.87 2/3137 12696
9.00 8.42 6.87 2/3137 12715
9.00 8.42 6.87 2/3137 12734
9.00 8.42 6.87 8/3137 12753
9.00 8.42 6.87 4/3137 12772
9.16 8.47 6.90 5/3137 12791
9.16 8.47 6.90 2/3137 12810
9.16 8.47 6.90 3/3137 12830
9.16 8.47 6.90 8/3138 12851
9.16 8.47 6.90 3/3137 12871
9.23 8.49 6.91 4/3137 12890
9.23 8.49 6.91 5/3137 12910
9.23 8.49 6.91 2/3137 12929
9.23 8.49 6.91 7/3137 12950
9.23 8.49 6.91 8/3136 12969
9.21 8.50 6.92 3/3136 12988
9.21 8.50 6.92 4/3136 13007
9.21 8.50 6.92 5/3136 13026
9.21 8.50 6.92 4/3136 13045
9.21 8.50 6.92 5/3136 13065
9.11 8.49 6.93 3/3136 13084
9.11 8.49 6.93 5/3135 13103
9.11 8.49 6.93 7/3135 13122
9.11 8.49 6.93 9/3135 13141
9.11 8.49 6.93 4/3134 13160
9.26 8.54 6.95 6/3112 13179
9.26 8.54 6.95 5/3107 13198
9.26 8.54 6.95 3/3105 13217
9.26 8.54 6.95 4/3102 13238
9.26 8.54 6.95 6/3099 13259
9.00 8.49 6.95 7/3099 13279
9.00 8.49 6.95 8/3098 13299
9.00 8.49 6.95 7/3094 13318
9.00 8.49 6.95 6/3092 13337
9.00 8.49 6.95 4/3090 13356
9.24 8.55 6.97 2/3088 13375
9.24 8.55 6.97 5/3088 13394
9.24 8.55 6.97 8/3088 13413
9.24 8.55 6.97 2/3088 13432
9.24 8.55 6.97 4/3086 13451
9.22 8.56 6.98 7/3086 13474
9.22 8.56 6.98 5/3086 13493
9.22 8.56 6.98 5/3085 13513
9.22 8.56 6.98 5/3087 13536
9.22 8.56 6.98 3/3087 13563
9.28 8.58 7.00 5/3085 13590
9.28 8.58 7.00 8/3085 13609
9.28 8.58 7.00 11/3085 13628
9.28 8.58 7.00 4/3085 13647
9.28 8.58 7.00 8/3085 13666
9.02 8.54 7.00 10/3085 13685
9.02 8.54 7.00 13/3086 13706
9.02 8.54 7.00 5/3086 13727
9.02 8.54 7.00 4/3086 13747
9.02 8.54 7.00 8/3086 13766
9.50 8.65 7.04 4/3086 13785
9.50 8.65 7.04 4/3086 13804
9.50 8.65 7.04 12/3086 13824
9.50 8.65 7.04 2/3086 13845
9.50 8.65 7.04 9/3086 13864
10.02 8.77 7.09 2/3086 13883
10.02 8.77 7.09 3/3086 13902
10.02 8.77 7.09 2/3086 13921
10.02 8.77 7.09 3/3086 13940
10.02 8.77 7.09 8/3086 13959
9.78 8.74 7.09 6/3086 13979
9.78 8.74 7.09 6/3086 13998
9.78 8.74 7.09 4/3086 14017
9.78 8.74 7.09 5/3086 14036
9.78 8.74 7.09 3/3086 14055
9.56 8.71 7.09 3/3087 14075
9.56 8.71 7.09 3/3087 14094
9.56 8.71 7.09 9/3088 14115
9.56 8.71 7.09 3/3087 14137
9.56 8.71 7.09 2/3087 14156
9.67 8.75 7.11 3/3066 14175
9.67 8.75 7.11 3/3066 14195
9.67 8.75 7.11 2/3066 14214
9.67 8.75 7.11 7/3066 14233
9.67 8.75 7.11 6/3066 14252
9.46 8.72 7.11 5/3066 14271
9.46 8.72 7.11 2/3066 14290
9.46 8.72 7.11 7/3066 14309
9.46 8.72 7.11 7/3066 14328
9.46 8.72 7.11 2/3066 14347
9.18 8.67 7.10 2/3066 14366
9.18 8.67 7.10 2/3066 14385
9.18 8.67 7.10 6/3066 14405
9.18 8.67 7.10 5/3066 14426
9.18 8.67 7.10 5/3066 14445
9.25 8.70 7.12 6/3066 14464
9.25 8.70 7.12 4/3065 14483
9.25 8.70 7.12 4/3065 14502
9.25 8.70 7.12 8/3066 14523
9.25 8.70 7.12 7/3065 14543
8.99 8.65 7.11 4/3065 14562
8.99 8.65 7.11 2/3065 14581
8.99 8.65 7.11 4/3066 14601
8.99 8.65 7.11 3/3066 14620
8.99 8.65 7.11 5/3067 14641
8.91 8.64 7.11 3/3067 14660
8.91 8.64 7.11 3/3067 14679
8.91 8.64 7.11 7/3067 14698
8.91 8.64 7.11 2/3067 14719
8.91 8.64 7.11 2/3067 14746
8.83 8.63 7.12 4/3067 14769
8.83 8.63 7.12 5/3067 14788
8.83 8.63 7.12 5/3067 14807
8.83 8.63 7.12 8/3063 14826
8.83 8.63 7.12 2/3063 14845
9.01 8.67 7.14 3/3063 14865
9.01 8.67 7.14 7/3063 14884
9.01 8.67 7.14 2/3063 14903
9.01 8.67 7.14 5/3063 14922
9.01 8.67 7.14 3/3064 14943
9.01 8.68 7.15 6/3063 14963
9.01 8.68 7.15 7/3063 14982
9.01 8.68 7.15 6/3063 15002
9.01 8.68 7.15 6/3063 15023
9.01 8.68 7.15 17/3063 15042
9.25 8.73 7.18 5/3063 15061
9.25 8.73 7.18 3/3063 15080
9.25 8.73 7.18 3/3063 15100
9.25 8.73 7.18 5/3063 15119
9.25 8.73 7.18 5/3063 15138
9.63 8.82 7.21 10/3063 15157
9.63 8.82 7.21 2/3063 15176
9.63 8.82 7.21 6/3063 15195
9.63 8.82 7.21 8/3063 15214
9.63 8.82 7.21 5/3063 15233
10.06 8.92 7.26 2/3063 15252
10.06 8.92 7.26 5/3063 15271
10.06 8.92 7.26 4/3063 15290
10.06 8.92 7.26 3/3064 15312
10.06 8.92 7.26 2/3063 15331
9.81 8.89 7.25 2/3064 15352
9.81 8.89 7.25 3/3063 15372
9.81 8.89 7.25 2/3063 15391
9.81 8.89 7.25 5/3063 15410
9.81 8.89 7.25 8/3063 15429
9.59 8.86 7.25 5/3063 15448
9.59 8.86 7.25 4/3063 15467
9.59 8.86 7.25 3/3063 15486
9.59 8.86 7.25 2/3063 15505
9.59 8.86 7.25 4/3063 15524
9.38 8.83 7.25 7/3063 15544
9.38 8.83 7.25 3/3063 15563
9.38 8.83 7.25 4/3063 15582
9.38 8.83 7.25 2/3063 15603
9.38 8.83 7.25 7/3063 15622
9.27 8.81 7.26 2/3063 15641
9.27 8.81 7.26 3/3063 15660
9.27 8.81 7.26 4/3063 15679
9.27 8.81 7.26 5/3063 15698
9.27 8.81 7.26 3/3063 15717
9.09 8.78 7.25 6/3063 15736
9.09 8.78 7.25 7/3064 15757
9.09 8.78 7.25 5/3063 15778
9.09 8.78 7.25 3/3063 15797
9.09 8.78 7.25 4/3063 15816
9.16 8.80 7.27 7/3063 15835
9.16 8.80 7.27 4/3063 15854
9.16 8.80 7.27 6/3063 15873
9.16 8.80 7.27 6/3063 15894
9.16 8.80 7.27 6/3063 15921
9.15 8.81 7.28 2/3063 15944
9.15 8.81 7.28 3/3063 15963
9.15 8.81 7.28 4/3063 15982
9.15 8.81 7.28 3/3063 16002
