1584.57 6154.62
1599.27 6207.86
1600.54 6211.50
1601.53 6214.36
1602.54 6217.22
1603.53 6220.04
1604.54 6223.01
1605.53 6225.93
1606.53 6228.88
1607.53 6231.89
1608.54 6234.84
1609.53 6237.80
1610.54 6240.74
1611.54 6243.77
1612.53 6246.69
1613.54 6249.76
1614.53 6252.71
1615.53 6255.73
1616.53 6258.70
1617.54 6261.72
1618.54 6264.75
1619.54 6267.84
1620.54 6270.83
1621.53 6273.82
1622.53 6276.80
1623.54 6279.89
1624.54 6282.95
1625.54 6286.01
1626.54 6289.01
1627.53 6292.04
1628.54 6295.12
1629.54 6298.18
1630.54 6301.22
1631.53 6304.31
1632.53 6307.34
1633.54 6310.46
1634.53 6313.50
1635.54 6316.52
1636.53 6319.56
1637.53 6322.66
1638.54 6325.77
1639.54 6328.90
1640.54 6331.91
1641.54 6335.02
1642.53 6338.08
1643.53 6341.14
1644.53 6344.23
1645.54 6347.33
1646.53 6350.34
1647.54 6353.39
1648.53 6356.46
1649.55 6359.60
1650.54 6362.63
1651.54 6365.76
1652.53 6368.84
1653.54 6371.96
1654.54 6375.05
1655.53 6378.18
1656.54 6381.28
1657.54 6384.39
1658.53 6387.41
1659.55 6390.54
1660.54 6393.50
1661.53 6396.62
1662.54 6399.76
1663.54 6402.83
1664.54 6405.81
1665.55 6408.96
1666.54 6412.05
1667.54 6415.17
1668.54 6418.29
1669.54 6421.42
1670.53 6424.49
1671.54 6427.55
1672.53 6430.62
1673.53 6433.73
1674.54 6436.74
1675.54 6439.90
1676.54 6443.02
1677.55 6446.11
1678.54 6449.15
1679.53 6452.29
1680.54 6455.34
1681.54 6458.49
1682.53 6461.60
1683.54 6464.74
1684.55 6467.88
1685.54 6470.94
1686.54 6474.05
1687.53 6477.11
1688.54 6480.30
1689.56 6483.37
1690.54 6486.41
1691.54 6489.50
1692.54 6492.63
1693.54 6495.88
1694.54 6498.94
1695.54 6501.98
1696.54 6505.09
1697.59 6508.39
1698.54 6511.20
1699.54 6514.34
1700.55 6517.45
1701.54 6520.57
1702.54 6523.71
1703.54 6526.74
1704.55 6529.84
1705.54 6532.92
1706.54 6535.98
1707.54 6539.16
1708.56 6542.32
1709.53 6545.37
1710.55 6548.55
1711.54 6551.69
1712.54 6554.84
1713.54 6557.99
1714.54 6561.15
1715.55 6564.32
1716.55 6567.41
1717.55 6570.53
1718.54 6573.57
1719.54 6576.71
1720.54 6579.71
1721.54 6582.88
1722.56 6586.07
1723.56 6589.18
1724.56 6592.37
1725.54 6595.40
1726.54 6598.45
1727.55 6601.62
1728.54 6604.74
1729.54 6607.88
1730.54 6611.00
1731.54 6614.21
1732.55 6617.36
1733.54 6620.44
1734.54 6623.64
1735.54 6626.77
1736.53 6629.85
1737.55 6632.96
1738.54 6636.08
1739.54 6639.20
1740.54 6642.26
1741.55 6645.42
1742.55 6648.56
1743.54 6651.72
1744.54 6654.87
1745.54 6657.95
1746.55 6661.09
1747.54 6664.12
1748.54 6667.30
1749.55 6670.54
1750.54 6673.60
1751.55 6676.75
1752.55 6679.85
1753.54 6683.00
1754.53 6686.16
1755.54 6689.27
1756.54 6692.47
1757.55 6695.60
1758.55 6698.65
1759.54 6701.72
1760.55 6704.86
1761.54 6707.94
1762.54 6711.18
1763.55 6714.42
1764.55 6717.57
1765.54 6720.72
1766.54 6723.77
1767.54 6726.90
1768.54 6730.03
1769.54 6733.21
