9.75 9.86 8.48 4/3126 24292
9.37 9.77 8.46 1/3128 24313
9.37 9.77 8.46 10/3128 24332
9.37 9.77 8.46 7/3128 24351
9.37 9.77 8.46 2/3128 24370
9.37 9.77 8.46 3/3128 24391
9.10 9.71 8.45 2/3128 24411
9.10 9.71 8.45 2/3131 24433
9.10 9.71 8.45 5/3133 24455
9.10 9.71 8.45 11/3133 24474
9.10 9.71 8.45 3/3136 24497
9.17 9.72 8.46 5/3133 24520
9.17 9.72 8.46 4/3132 24539
9.17 9.72 8.46 5/3132 24558
9.17 9.72 8.46 5/3132 24577
9.17 9.72 8.46 12/3133 24598
9.08 9.69 8.46 5/3131 24618
9.08 9.69 8.46 10/3131 24637
9.08 9.69 8.46 9/3128 24657
9.08 9.69 8.46 12/3127 24676
9.08 9.69 8.46 3/3127 24697
9.39 9.74 8.48 3/3127 24716
9.39 9.74 8.48 10/3127 24735
9.39 9.74 8.48 6/3125 24754
9.39 9.74 8.48 1/3126 24774
9.39 9.74 8.48 5/3126 24793
9.92 9.85 8.52 5/3126 24812
9.92 9.85 8.52 5/3126 24831
9.92 9.85 8.52 11/3126 24850
9.92 9.85 8.52 8/3126 24869
9.92 9.85 8.52 3/3125 24889
10.17 9.90 8.55 7/3125 24908
10.17 9.90 8.55 7/3125 24927
10.17 9.90 8.55 1/3125 24946
10.17 9.90 8.55 6/3125 24965
10.17 9.90 8.55 8/3125 24994
10.23 9.92 8.56 3/3126 25015
10.23 9.92 8.56 8/3125 25035
10.23 9.92 8.56 3/3124 25054
10.23 9.92 8.56 6/3124 25073
10.23 9.92 8.56 2/3124 25092
10.70 10.02 8.60 8/3124 25112
10.70 10.02 8.60 2/3124 25131
10.70 10.02 8.60 16/3122 25150
10.70 10.02 8.60 2/3122 25170
10.70 10.02 8.60 5/3115 25189
10.40 9.97 8.59 3/3113 25208
10.40 9.97 8.59 2/3113 25227
10.40 9.97 8.59 2/3110 25247
10.40 9.97 8.59 4/3106 25266
10.40 9.97 8.59 2/3106 25287
10.45 9.99 8.60 7/3104 25306
10.45 9.99 8.60 6/3104 25326
10.45 9.99 8.60 2/3102 25345
10.45 9.99 8.60 9/3102 25364
10.45 9.99 8.60 4/3102 25383
10.41 9.99 8.61 3/3102 25402
10.41 9.99 8.61 2/3103 25423
10.41 9.99 8.61 7/3102 25443
10.41 9.99 8.61 9/3102 25462
10.41 9.99 8.61 4/3102 25481
10.14 9.94 8.60 2/3098 25500
10.14 9.94 8.60 7/3098 25519
10.14 9.94 8.60 6/3098 25538
10.14 9.94 8.60 2/3098 25558
10.14 9.94 8.60 9/3098 25579
9.97 9.90 8.60 4/3098 25598
9.97 9.90 8.60 9/3098 25617
9.97 9.90 8.60 6/3098 25636
9.97 9.90 8.60 2/3098 25655
9.97 9.90 8.60 12/3098 25674
10.53 10.02 8.64 3/3098 25693
10.53 10.02 8.64 2/3098 25712
10.53 10.02 8.64 2/3098 25731
10.53 10.02 8.64 1/3098 25750
10.53 10.02 8.64 10/3099 25770
11.45 10.22 8.72 7/3098 25789
11.45 10.22 8.72 8/3098 25808
11.45 10.22 8.72 4/3099 25829
11.45 10.22 8.72 1/3098 25849
11.45 10.22 8.72 5/3098 25870
11.25 10.20 8.72 8/3098 25889
11.25 10.20 8.72 9/3098 25908
11.25 10.20 8.72 3/3098 25927
11.25 10.20 8.72 11/3098 25946
11.25 10.20 8.72 8/3098 25965
11.39 10.25 8.74 10/3098 25984
11.39 10.25 8.74 4/3098 26004
11.39 10.25 8.74 5/3098 26023
11.39 10.25 8.74 4/3098 26042
11.39 10.25 8.74 8/3099 26062
10.96 10.18 8.73 11/3099 26085
10.96 10.18 8.73 15/3099 26104
10.96 10.18 8.73 4/3099 26123
10.96 10.18 8.73 4/3099 26142
10.96 10.18 8.73 3/3099 26169
10.72 10.14 8.72 3/3099 26194
10.72 10.14 8.72 4/3099 26213
10.72 10.14 8.72 3/3099 26233
10.72 10.14 8.72 3/3100 26254
10.72 10.14 8.72 2/3099 26274
10.35 10.07 8.71 2/3099 26293
10.35 10.07 8.71 9/3099 26312
10.35 10.07 8.71 11/3099 26331
10.35 10.07 8.71 5/3099 26350
10.35 10.07 8.71 6/3099 26369
9.92 9.99 8.69 3/3099 26388
9.92 9.99 8.69 3/3099 26407
9.92 9.99 8.69 4/3099 26427
9.92 9.99 8.69 6/3099 26446
9.92 9.99 8.69 6/3101 26468
10.00 10.00 8.70 12/3113 26501
10.00 10.00 8.70 7/3113 26520
10.00 10.00 8.70 4/3113 26539
10.00 10.00 8.70 13/3113 26558
10.00 10.00 8.70 1/3112 26577
10.08 10.02 8.71 6/3112 26596
10.08 10.02 8.71 1/3109 26615
10.08 10.02 8.71 11/3109 26634
10.08 10.02 8.71 5/3109 26653
10.08 10.02 8.71 9/3110 26674
9.68 9.94 8.69 8/3110 26694
9.68 9.94 8.69 7/3109 26714
9.68 9.94 8.69 9/3109 26733
9.68 9.94 8.69 5/3109 26752
9.68 9.94 8.69 2/3109 26771
9.62 9.92 8.70 5/3109 26792
9.62 9.92 8.70 5/3109 26811
9.62 9.92 8.70 4/3109 26830
9.62 9.92 8.70 9/3109 26849
9.62 9.92 8.70 3/3109 26868
10.13 10.02 8.73 3/3109 26887
10.13 10.02 8.73 5/3109 26906
10.13 10.02 8.73 2/3109 26926
10.13 10.02 8.73 2/3109 26945
10.13 10.02 8.73 4/3109 26964
10.04 10.01 8.74 2/3109 26983
10.04 10.01 8.74 3/3109 27002
10.04 10.01 8.74 8/3109 27021
10.04 10.01 8.74 10/3008 27045
10.04 10.01 8.74 9/3031 27088
10.20 10.04 8.75 7/3031 27109
10.20 10.04 8.75 2/3032 27130
10.20 10.04 8.75 7/3031 27150
10.20 10.04 8.75 6/3031 27170
10.20 10.04 8.75 6/3027 27189
10.10 10.02 8.76 5/3027 27208
10.10 10.02 8.76 2/3027 27227
10.10 10.02 8.76 6/3027 27246
10.10 10.02 8.76 7/3027 27265
10.10 10.02 8.76 5/3045 27302
10.02 10.00 8.76 4/3045 27321
10.02 10.00 8.76 2/3045 27340
10.02 10.00 8.76 5/3045 27359
10.02 10.00 8.76 9/3045 27378
10.02 10.00 8.76 3/3045 27410
9.93 9.99 8.76 2/3042 27432
9.93 9.99 8.76 3/3042 27451
9.93 9.99 8.76 4/3042 27470
9.93 9.99 8.76 2/3042 27489
9.93 9.99 8.76 5/3059 27525
10.34 10.07 8.79 6/3059 27544
10.34 10.07 8.79 2/3059 27563
10.34 10.07 8.79 2/3060 27584
10.34 10.07 8.79 5/3059 27604
10.34 10.07 8.79 3/3055 27623
10.07 10.02 8.78 4/3055 27642
10.07 10.02 8.78 4/3055 27662
10.07 10.02 8.78 9/3055 27682
10.07 10.02 8.78 2/3055 27701
10.07 10.02 8.78 17/3055 27720
10.71 10.15 8.83 7/3062 27751
10.71 10.15 8.83 6/3091 27801
10.71 10.15 8.83 1/3091 27820
10.71 10.15 8.83 11/3090 27839
10.71 10.15 8.83 6/3090 27858
10.89 10.20 8.85 15/3089 27877
10.89 10.20 8.85 1/3089 27896
10.89 10.20 8.85 6/3089 27915
10.89 10.20 8.85 8/3089 27935
10.89 10.20 8.85 8/3089 27954
10.82 10.20 8.86 4/3089 27973
10.82 10.20 8.86 9/3089 27992
10.82 10.20 8.86 2/3089 28011
10.82 10.20 8.86 2/3090 28032
