2270.89 8184.89
2271.86 8188.16
2272.85 8191.85
2273.85 8195.60
2274.85 8199.40
2275.84 8202.98
2276.85 8206.35
2277.85 8209.55
2278.85 8212.88
2279.86 8215.41
2280.85 8217.63
2281.85 8219.89
2282.85 8222.14
2283.86 8224.39
2284.86 8226.56
2285.86 8228.67
2286.86 8230.72
2287.85 8232.89
2288.85 8235.13
2289.86 8237.47
2290.86 8239.92
2291.86 8242.42
2292.86 8245.02
2293.86 8247.68
2294.85 8250.27
2295.85 8252.89
2296.85 8255.59
2297.85 8258.20
2298.85 8260.88
2299.85 8263.36
2300.86 8265.78
2301.86 8268.27
2302.85 8270.78
2303.85 8273.33
2304.86 8275.82
2305.85 8278.26
2306.85 8280.79
2307.85 8283.29
2308.85 8285.79
2309.86 8288.24
2310.85 8290.60
2311.85 8293.03
2312.86 8295.85
2313.86 8298.78
2314.85 8301.50
2315.85 8304.28
2316.85 8307.19
2317.84 8309.94
2318.86 8312.80
2319.86 8315.65
2320.85 8318.34
2321.86 8321.16
2322.86 8324.09
2323.85 8326.91
2324.85 8329.68
2325.85 8332.48
2326.86 8335.31
2327.86 8338.02
2328.85 8340.74
2329.85 8343.46
2330.85 8346.10
2331.86 8348.85
2332.85 8351.57
2333.85 8354.30
2334.85 8357.02
2335.86 8359.72
2336.86 8362.41
2337.85 8365.18
2338.84 8367.96
2339.85 8370.72
2340.85 8373.37
2341.85 8376.06
2342.90 8378.91
2343.85 8381.45
2344.86 8384.10
2345.85 8386.65
2346.85 8389.20
2347.86 8391.84
2348.86 8394.42
2349.86 8396.96
2350.85 8399.38
2351.85 8401.89
2352.87 8404.46
2353.85 8407.01
2354.85 8409.66
2355.86 8412.23
2356.86 8414.78
2357.86 8417.31
2358.85 8419.89
2359.85 8422.39
2360.86 8424.92
2361.86 8427.46
2362.86 8430.10
2363.86 8432.70
2364.86 8435.30
2365.85 8437.78
2366.85 8440.37
2367.86 8442.97
2368.87 8445.61
2369.86 8447.93
2370.86 8450.02
2371.87 8452.38
2372.86 8454.89
2373.85 8457.49
2374.85 8460.02
2375.86 8462.68
2376.87 8465.39
2377.87 8468.03
2378.86 8470.62
2379.86 8473.17
2380.85 8475.63
2381.84 8478.25
2382.86 8480.93
2383.86 8483.82
2384.85 8486.73
2385.89 8489.70
2386.87 8492.52
2387.85 8495.38
2388.87 8498.50
2389.86 8501.41
2390.87 8504.38
2391.87 8507.25
2392.86 8510.08
2393.85 8513.04
2394.86 8516.11
2395.85 8519.01
2396.87 8521.97
2397.86 8524.89
2398.85 8527.80
2399.86 8530.68
2400.85 8533.59
2401.86 8536.57
2402.86 8539.53
2403.86 8542.46
2404.87 8545.51
2405.86 8548.40
2406.85 8551.35
2407.86 8554.00
2408.86 8556.83
2409.88 8557.45
2410.88 8558.93
2411.85 8561.81
2412.85 8564.51
2413.86 8567.43
2414.86 8570.31
2415.86 8572.95
2416.87 8575.69
2417.86 8578.47
2418.85 8581.25
2419.86 8583.90
2420.85 8586.61
2421.86 8589.38
2422.86 8592.10
2423.85 8595.02
2424.86 8597.79
2425.87 8600.61
2426.86 8603.54
2427.86 8606.55
2428.86 8609.35
2429.87 8612.31
2430.86 8615.02
2431.86 8617.95
2432.85 8620.74
2433.86 8623.72
2434.86 8626.60
2435.85 8629.46
2436.86 8632.50
2437.87 8635.27
2438.85 8638.21
2439.86 8641.22
2440.85 8644.23
2441.85 8646.67
2442.89 8648.41
2443.86 8651.32
2444.86 8654.28
2445.86 8657.18
2446.86 8660.20
2447.86 8663.18
2448.86 8666.16
2449.86 8669.08
2450.86 8672.08
2451.86 8675.03
2452.86 8677.90
2453.86 8680.87
2454.86 8683.81
2455.86 8686.75
