8.86 8.80 7.35 2/3104 16316
8.86 8.80 7.35 7/3111 16349
8.86 8.80 7.35 3/3111 16368
8.86 8.80 7.35 1/3111 16387
8.71 8.77 7.35 3/3111 16406
8.71 8.77 7.35 5/3110 16426
8.71 8.77 7.35 5/3117 16454
8.71 8.77 7.35 5/3120 16476
8.71 8.77 7.35 5/3122 16502
9.54 8.94 7.41 6/3121 16522
9.54 8.94 7.41 5/3089 16547
9.54 8.94 7.41 4/3089 16574
9.54 8.94 7.41 3/3088 16595
9.54 8.94 7.41 9/3088 16614
10.46 9.14 7.49 10/3087 16633
10.46 9.14 7.49 9/3073 16652
10.46 9.14 7.49 3/3073 16671
10.46 9.14 7.49 4/3073 16690
10.46 9.14 7.49 12/3069 16709
10.50 9.17 7.50 3/3068 16728
10.50 9.17 7.50 3/3068 16747
10.50 9.17 7.50 6/3068 16766
10.50 9.17 7.50 10/3053 16786
10.50 9.17 7.50 11/3053 16805
10.14 9.12 7.50 3/3050 16824
10.14 9.12 7.50 9/3050 16843
10.14 9.12 7.50 5/3050 16863
10.14 9.12 7.50 7/3050 16884
10.14 9.12 7.50 5/3050 16903
9.89 9.08 7.49 9/3051 16924
9.89 9.08 7.49 2/3049 16944
9.89 9.08 7.49 4/3049 16963
9.89 9.08 7.49 2/3049 16982
9.89 9.08 7.49 5/3049 17001
9.58 9.03 7.49 8/3049 17023
9.58 9.03 7.49 5/3049 17042
9.58 9.03 7.49 12/3049 17061
9.58 9.03 7.49 7/3049 17080
9.58 9.03 7.49 3/3048 17099
10.01 9.13 7.53 3/3048 17118
10.01 9.13 7.53 3/3048 17137
10.01 9.13 7.53 5/3048 17157
10.01 9.13 7.53 9/3048 17178
10.01 9.13 7.53 9/3048 17197
9.69 9.08 7.52 8/3046 17216
9.69 9.08 7.52 6/3040 17236
9.69 9.08 7.52 6/3036 17255
9.69 9.08 7.52 9/3036 17274
9.69 9.08 7.52 13/3035 17293
9.79 9.11 7.54 5/3031 17312
9.79 9.11 7.54 5/3030 17333
9.79 9.11 7.54 2/3027 17353
9.79 9.11 7.54 13/3027 17372
9.79 9.11 7.54 11/3025 17391
10.05 9.17 7.57 2/3025 17410
10.05 9.17 7.57 3/3025 17429
10.05 9.17 7.57 8/3025 17448
10.05 9.17 7.57 8/3025 17470
10.05 9.17 7.57 9/3025 17489
10.13 9.20 7.58 6/3025 17508
10.13 9.20 7.58 8/3022 17527
10.13 9.20 7.58 6/3021 17546
10.13 9.20 7.58 10/3021 17565
10.13 9.20 7.58 9/3021 17584
10.36 9.27 7.61 4/3015 17603
10.36 9.27 7.61 5/3015 17622
10.36 9.27 7.61 3/3011 17641
10.36 9.27 7.61 7/3011 17660
10.36 9.27 7.61 2/3011 17679
10.25 9.26 7.62 3/3011 17699
10.25 9.26 7.62 7/3012 17719
10.25 9.26 7.62 10/3011 17740
10.25 9.26 7.62 3/3010 17762
10.25 9.26 7.62 6/3010 17793
10.31 9.29 7.64 5/3010 17812
10.31 9.29 7.64 4/3010 17831
10.31 9.29 7.64 5/3009 17850
10.31 9.29 7.64 3/3009 17869
10.31 9.29 7.64 4/3009 17888
10.12 9.27 7.64 3/3003 17907
10.12 9.27 7.64 7/3001 17926
10.12 9.27 7.64 2/3001 17946
10.12 9.27 7.64 4/3001 17965
10.12 9.27 7.64 6/3001 17984
10.03 9.27 7.65 5/3001 18003
10.03 9.27 7.65 6/3001 18022
10.03 9.27 7.65 11/3001 18042
10.03 9.27 7.65 10/3001 18063
10.03 9.27 7.65 4/3001 18082
9.95 9.26 7.66 6/3001 18101
9.95 9.26 7.66 4/3001 18120
9.95 9.26 7.66 8/3001 18139
9.95 9.26 7.66 4/3002 18161
9.95 9.26 7.66 13/3002 18180
9.79 9.24 7.66 7/3001 18200
9.79 9.24 7.66 6/3001 18219
9.79 9.24 7.66 4/3001 18238
9.79 9.24 7.66 8/3001 18257
9.79 9.24 7.66 8/3001 18276
9.89 9.27 7.68 8/3001 18295
9.89 9.27 7.68 8/3001 18314
9.89 9.27 7.68 3/3001 18333
9.89 9.27 7.68 5/3001 18354
9.89 9.27 7.68 8/3001 18373
9.98 9.30 7.70 5/3001 18393
9.98 9.30 7.70 3/3001 18412
9.98 9.30 7.70 5/3001 18431
9.98 9.30 7.70 12/3001 18450
9.98 9.30 7.70 3/3001 18469
10.22 9.36 7.72 2/3001 18488
10.22 9.36 7.72 5/3001 18507
10.22 9.36 7.72 3/3001 18526
10.22 9.36 7.72 4/3001 18545
10.22 9.36 7.72 7/3001 18564
10.45 9.42 7.75 2/3002 18585
10.45 9.42 7.75 14/3000 18606
10.45 9.42 7.75 4/3000 18625
10.45 9.42 7.75 12/2998 18646
10.45 9.42 7.75 7/2997 18665
11.05 9.56 7.81 5/2997 18684
11.05 9.56 7.81 5/2997 18703
11.05 9.56 7.81 4/2998 18723
11.05 9.56 7.81 11/2998 18742
11.05 9.56 7.81 11/2998 18761
10.89 9.55 7.81 5/2998 18780
10.89 9.55 7.81 15/2998 18799
10.89 9.55 7.81 3/2998 18818
10.89 9.55 7.81 9/2998 18838
10.89 9.55 7.81 1/2998 18857
10.97 9.59 7.84 3/2998 18876
10.97 9.59 7.84 4/2998 18895
10.97 9.59 7.84 3/2998 18914
10.97 9.59 7.84 11/2998 18935
10.97 9.59 7.84 2/2998 18966
10.98 9.62 7.85 6/2998 18985
10.98 9.62 7.85 5/2999 19006
10.98 9.62 7.85 3/2998 19026
10.98 9.62 7.85 9/2998 19045
10.98 9.62 7.85 1/2998 19065
10.90 9.62 7.87 3/2998 19084
10.90 9.62 7.87 4/2998 19103
10.90 9.62 7.87 9/2998 19122
10.90 9.62 7.87 4/2996 19142
10.90 9.62 7.87 8/2996 19161
10.59 9.58 7.86 6/2996 19180
10.59 9.58 7.86 10/2996 19199
10.59 9.58 7.86 12/2996 19219
10.59 9.58 7.86 12/2996 19240
10.59 9.58 7.86 3/2996 19259
10.38 9.55 7.86 2/2996 19278
10.38 9.55 7.86 4/2996 19298
10.38 9.55 7.86 6/2996 19317
10.38 9.55 7.86 3/2996 19336
10.38 9.55 7.86 18/2996 19355
10.19 9.53 7.86 6/2996 19374
10.19 9.53 7.86 5/2996 19393
10.19 9.53 7.86 4/2997 19414
10.19 9.53 7.86 5/2996 19434
10.19 9.53 7.86 10/2996 19453
10.25 9.55 7.88 2/2996 19472
10.25 9.55 7.88 3/2996 19491
10.25 9.55 7.88 8/2996 19510
10.25 9.55 7.88 2/2996 19532
10.25 9.55 7.88 5/2996 19551
10.47 9.61 7.91 8/2996 19570
10.47 9.61 7.91 5/2996 19589
10.47 9.61 7.91 7/2996 19608
10.47 9.61 7.91 5/2996 19627
10.47 9.61 7.91 4/2996 19646
10.36 9.60 7.91 6/2996 19665
10.36 9.60 7.91 7/2996 19684
10.36 9.60 7.91 4/2996 19703
10.36 9.60 7.91 8/2996 19722
10.36 9.60 7.91 3/2996 19742
10.41 9.62 7.93 2/2996 19761
10.41 9.62 7.93 8/2996 19780
10.41 9.62 7.93 4/2996 19799
10.41 9.62 7.93 14/2997 19822
10.41 9.62 7.93 3/2996 19842
11.18 9.80 8.00 7/2996 19861
11.18 9.80 8.00 5/2996 19880
11.18 9.80 8.00 3/2996 19899
11.18 9.80 8.00 5/2996 19918
11.18 9.80 8.00 6/2996 19937
10.84 9.75 7.99 9/2996 19957
