1813.16 6888.63
1814.13 6891.78
1815.11 6895.41
1816.12 6899.07
1817.12 6902.89
1818.12 6906.50
1819.11 6909.75
1820.11 6913.00
1821.11 6916.21
1822.11 6918.70
1823.12 6921.00
1824.12 6923.29
1825.11 6925.58
1826.11 6927.80
1827.13 6930.48
1828.11 6932.99
1829.12 6935.57
1830.12 6938.14
1831.12 6940.63
1832.12 6943.22
1833.11 6945.74
1834.11 6948.33
1835.12 6950.93
1836.12 6953.48
1837.12 6956.09
1838.11 6958.66
1839.12 6961.25
1840.12 6963.88
1841.12 6966.39
1842.12 6968.97
1843.12 6971.50
1844.12 6974.05
1845.11 6976.65
1846.11 6979.21
1847.11 6981.75
1848.12 6984.37
1849.11 6986.93
1850.12 6989.56
1851.12 6992.11
1852.12 6994.70
1853.12 6997.27
1854.12 6999.79
1855.12 7002.31
1856.11 7004.76
1857.11 7007.30
1858.13 7009.95
1859.12 7012.50
1860.12 7015.08
1861.11 7017.58
1862.12 7020.10
1863.12 7022.65
1864.11 7025.18
1865.13 7027.78
1866.13 7030.34
1867.12 7032.88
1868.13 7035.48
1869.11 7037.99
1870.12 7040.60
1871.12 7043.14
1872.12 7045.70
1873.12 7048.24
1874.12 7050.83
1875.11 7053.41
1876.11 7055.91
1877.11 7058.50
1878.13 7061.16
1879.12 7063.73
1880.12 7066.35
1881.11 7068.81
1882.12 7071.39
1883.12 7073.95
1884.11 7076.51
1885.11 7079.05
1886.11 7081.57
1887.12 7084.22
1888.12 7086.80
1889.11 7089.35
1890.12 7092.01
1891.12 7094.53
1892.11 7097.11
1893.11 7099.64
1894.12 7102.22
1895.12 7104.75
1896.12 7107.30
1897.12 7109.93
1898.12 7112.54
1899.12 7115.09
1900.12 7117.69
1901.13 7120.29
1902.12 7122.87
1903.11 7125.38
1904.12 7128.00
1905.12 7130.59
1906.12 7133.13
1907.12 7135.76
1908.12 7138.35
1909.12 7140.88
1910.12 7143.49
1911.12 7146.01
1912.12 7148.62
1913.12 7151.22
1914.12 7153.78
1915.12 7156.35
1916.13 7158.92
1917.12 7161.42
1918.13 7164.06
1919.11 7166.65
1920.12 7169.32
1921.12 7171.83
1922.12 7174.46
1923.11 7177.05
1924.11 7179.64
1925.12 7182.27
1926.11 7184.86
1927.12 7187.45
1928.12 7190.07
1929.12 7192.69
1930.11 7195.25
1931.13 7197.85
1932.12 7200.46
1933.13 7203.11
1934.12 7205.72
1935.12 7208.32
1936.12 7210.83
1937.12 7213.37
1938.12 7216.01
1939.12 7218.58
1940.13 7221.22
1941.12 7223.75
1942.11 7226.38
1943.13 7229.05
1944.12 7231.69
1945.12 7234.29
1946.12 7236.79
1947.13 7239.42
1948.13 7241.98
1949.12 7244.57
1950.12 7247.16
1951.12 7249.69
1952.12 7252.30
1953.11 7254.87
1954.13 7257.52
1955.12 7260.03
1956.11 7262.54
1957.12 7265.18
1958.12 7267.75
1959.12 7270.28
1960.12 7272.89
1961.12 7275.45
1962.11 7278.04
1963.13 7280.66
1964.12 7283.29
1965.12 7285.89
1966.12 7288.49
1967.13 7291.15
1968.12 7293.74
1969.12 7296.34
1970.12 7298.91
1971.13 7301.50
1972.12 7304.11
1973.12 7306.71
1974.12 7309.33
1975.11 7311.90
1976.12 7314.45
1977.13 7317.10
1978.12 7319.70
1979.11 7322.27
1980.12 7324.91
1981.12 7327.42
1982.12 7330.06
1983.12 7332.68
1984.12 7335.31
1985.12 7337.88
1986.12 7340.43
1987.13 7343.08
1988.12 7345.68
1989.12 7348.26
1990.13 7350.86
1991.12 7353.35
1992.12 7355.88
1993.12 7358.49
1994.12 7361.12
1995.13 7363.74
1996.12 7366.19
1997.12 7368.81
1998.12 7371.39
