9.44 9.51 7.99 3/3029 20266
9.44 9.51 7.99 2/3031 20287
9.44 9.51 7.99 2/3031 20306
9.44 9.51 7.99 2/3032 20326
9.44 9.51 7.99 2/3032 20345
9.16 9.45 7.98 4/3032 20365
9.16 9.45 7.98 4/3032 20384
9.16 9.45 7.98 4/3035 20406
9.16 9.45 7.98 2/3036 20429
9.16 9.45 7.98 4/3036 20448
9.47 9.51 8.01 9/3036 20471
9.47 9.51 8.01 6/3037 20500
9.47 9.51 8.01 6/3035 20520
9.47 9.51 8.01 9/3035 20539
9.47 9.51 8.01 13/3035 20558
9.59 9.53 8.03 14/3035 20577
9.59 9.53 8.03 3/3035 20596
9.59 9.53 8.03 5/3032 20615
9.59 9.53 8.03 4/3031 20635
9.59 9.53 8.03 5/3031 20654
9.71 9.56 8.04 11/3031 20673
9.71 9.56 8.04 9/3031 20692
9.71 9.56 8.04 9/3029 20711
9.71 9.56 8.04 6/3029 20740
9.71 9.56 8.04 8/3029 20759
9.73 9.57 8.05 8/3029 20778
9.73 9.57 8.05 1/3029 20797
9.73 9.57 8.05 9/3029 20816
9.73 9.57 8.05 1/3029 20835
9.73 9.57 8.05 3/3029 20856
10.07 9.64 8.08 1/3028 20875
10.07 9.64 8.08 2/3028 20894
10.07 9.64 8.08 5/3030 20916
10.07 9.64 8.08 2/3029 20936
10.07 9.64 8.08 6/3029 20955
10.15 9.66 8.10 4/3029 20974
10.15 9.66 8.10 11/3030 20994
10.15 9.66 8.10 9/3029 21013
10.15 9.66 8.10 9/3028 21034
10.15 9.66 8.10 14/3028 21053
10.37 9.72 8.13 8/3028 21072
10.37 9.72 8.13 4/3028 21092
10.37 9.72 8.13 2/3028 21111
10.37 9.72 8.13 4/3026 21130
10.37 9.72 8.13 9/3024 21149
10.26 9.71 8.13 2/3015 21168
10.26 9.71 8.13 7/3015 21187
10.26 9.71 8.13 5/3014 21206
10.26 9.71 8.13 3/3012 21225
10.26 9.71 8.13 3/3008 21244
9.92 9.64 8.12 3/3006 21263
9.92 9.64 8.12 4/3006 21282
9.92 9.64 8.12 1/3004 21302
9.92 9.64 8.12 4/3005 21325
9.92 9.64 8.12 6/3004 21345
10.49 9.77 8.17 1/3004 21364
10.49 9.77 8.17 3/3004 21383
10.49 9.77 8.17 9/3004 21402
10.49 9.77 8.17 3/3004 21421
10.49 9.77 8.17 2/3004 21440
10.53 9.79 8.18 3/3003 21459
10.53 9.79 8.18 2/3003 21478
10.53 9.79 8.18 8/3003 21497
10.53 9.79 8.18 4/3003 21517
10.53 9.79 8.18 2/3003 21536
10.81 9.86 8.22 4/3003 21555
10.81 9.86 8.22 4/3003 21574
10.81 9.86 8.22 9/3003 21593
10.81 9.86 8.22 6/3003 21614
10.81 9.86 8.22 10/3003 21633
10.90 9.89 8.24 5/3002 21652
10.90 9.89 8.24 3/3002 21671
10.90 9.89 8.24 5/3002 21690
10.90 9.89 8.24 6/3002 21709
10.90 9.89 8.24 8/3003 21730
10.67 9.86 8.23 2/3003 21752
10.67 9.86 8.23 6/3003 21771
10.67 9.86 8.23 6/3002 21790
10.67 9.86 8.23 7/3004 21811
10.67 9.86 8.23 5/3004 21830
10.86 9.91 8.26 3/3004 21849
10.86 9.91 8.26 2/3004 21868
10.86 9.91 8.26 5/3004 21887
10.86 9.91 8.26 6/3004 21912
10.86 9.91 8.26 8/3015 21952
10.71 9.90 8.26 6/3015 21971
10.71 9.90 8.26 14/3015 21991
10.71 9.90 8.26 9/3015 22010
10.71 9.90 8.26 14/3016 22030
10.71 9.90 8.26 8/3016 22049
11.05 9.98 8.30 4/3016 22068
11.05 9.98 8.30 3/3016 22087
11.05 9.98 8.30 13/3016 22106
11.05 9.98 8.30 13/3016 22125
11.05 9.98 8.30 14/3016 22144
11.69 10.13 8.36 8/3017 22165
11.69 10.13 8.36 8/3017 22184
11.69 10.13 8.36 6/3017 22206
11.69 10.13 8.36 3/3017 22228
11.69 10.13 8.36 8/3017 22247
12.11 10.25 8.41 8/3017 22266
12.11 10.25 8.41 6/3016 22285
12.11 10.25 8.41 3/3016 22304
12.11 10.25 8.41 2/3017 22324
12.11 10.25 8.41 3/3017 22343
12.03 10.26 8.42 5/3017 22362
12.03 10.26 8.42 4/3017 22381
12.03 10.26 8.42 5/3017 22400
12.03 10.26 8.42 12/3017 22419
12.03 10.26 8.42 4/3017 22439
11.54 10.19 8.41 13/3017 22458
11.54 10.19 8.41 4/3017 22477
11.54 10.19 8.41 6/3017 22496
11.54 10.19 8.41 8/3017 22517
11.54 10.19 8.41 1/3017 22536
11.02 10.10 8.39 10/3016 22555
11.02 10.10 8.39 9/3032 22593
11.02 10.10 8.39 1/3032 22614
11.02 10.10 8.39 8/3031 22634
11.02 10.10 8.39 3/3031 22653
10.86 10.08 8.39 9/3033 22675
10.86 10.08 8.39 2/3033 22694
10.86 10.08 8.39 5/3033 22713
10.86 10.08 8.39 2/3033 22732
10.86 10.08 8.39 3/3033 22751
10.71 10.07 8.39 2/3033 22770
10.71 10.07 8.39 10/3033 22789
10.71 10.07 8.39 3/3033 22808
10.71 10.07 8.39 10/3033 22829
10.71 10.07 8.39 5/3033 22848
10.33 10.00 8.38 3/3033 22867
10.33 10.00 8.38 8/3032 22886
10.33 10.00 8.38 2/3032 22906
10.33 10.00 8.38 2/3032 22925
10.33 10.00 8.38 8/3032 22944
9.90 9.92 8.36 10/3032 22963
9.90 9.92 8.36 5/3031 22982
9.90 9.92 8.36 2/3031 23001
9.90 9.92 8.36 4/3034 23024
9.90 9.92 8.36 3/3051 23065
9.75 9.88 8.36 2/3051 23084
9.75 9.88 8.36 4/3051 23103
9.75 9.88 8.36 6/3050 23122
9.75 9.88 8.36 12/3050 23148
9.75 9.88 8.36 5/3050 23175
9.77 9.89 8.37 10/3047 23194
9.77 9.89 8.37 2/3047 23213
9.77 9.89 8.37 10/3047 23232
9.77 9.89 8.37 7/3047 23251
9.77 9.89 8.37 2/3047 23270
9.79 9.89 8.38 8/3045 23289
9.79 9.89 8.38 6/3045 23308
9.79 9.89 8.38 11/3045 23327
9.79 9.89 8.38 6/3045 23346
9.79 9.89 8.38 4/3045 23366
9.48 9.82 8.37 1/3045 23385
9.48 9.82 8.37 5/3045 23404
9.48 9.82 8.37 4/3045 23424
9.48 9.82 8.37 7/3045 23443
9.48 9.82 8.37 8/3046 23466
9.85 9.89 8.40 5/3045 23486
9.85 9.89 8.40 7/3045 23505
9.85 9.89 8.40 2/3045 23524
9.85 9.89 8.40 9/3045 23543
9.85 9.89 8.40 3/3045 23562
9.54 9.83 8.38 6/3045 23581
9.54 9.83 8.38 12/3045 23601
9.54 9.83 8.38 10/3045 23620
9.54 9.83 8.38 6/3045 23639
9.54 9.83 8.38 4/3046 23659
9.25 9.76 8.37 10/3046 23678
9.25 9.76 8.37 3/3046 23697
9.25 9.76 8.37 6/3046 23716
9.25 9.76 8.37 17/3046 23735
9.25 9.76 8.37 2/3046 23756
9.64 9.83 8.40 4/3046 23775
9.64 9.83 8.40 3/3046 23794
9.64 9.83 8.40 3/3047 23815
9.64 9.83 8.40 12/3047 23834
9.64 9.83 8.40 12/3047 23853
9.26 9.75 8.38 5/3048 23874
9.26 9.75 8.38 7/3047 23894
9.26 9.75 8.38 6/3047 23913
9.26 9.75 8.38 5/3046 23932
9.26 9.75 8.38 6/3046 23951
