2042.48 7532.20
2043.45 7535.55
2044.44 7539.31
2045.44 7543.11
2046.43 7546.83
2047.44 7550.48
2048.43 7553.82
2049.45 7557.19
2050.44 7560.40
2051.45 7562.78
2052.44 7565.11
2053.44 7567.35
2054.44 7569.61
2055.44 7571.80
2056.43 7573.87
2057.45 7576.02
2058.45 7578.14
2059.44 7580.31
2060.43 7582.39
2061.44 7584.70
2062.44 7587.04
2063.44 7589.60
2064.44 7592.20
2065.57 7595.10
2066.44 7597.33
2067.44 7600.02
2068.44 7602.40
2069.44 7604.85
2070.44 7607.40
2071.45 7609.81
2072.45 7612.28
2073.44 7614.73
2074.44 7617.21
2075.44 7619.66
2076.45 7622.19
2077.44 7624.67
2078.43 7626.99
2079.44 7628.86
2080.46 7630.55
2081.45 7632.62
2082.45 7634.50
2083.44 7636.53
2084.45 7638.59
2085.44 7640.76
2086.43 7643.47
2087.45 7646.28
2088.44 7649.04
2089.44 7651.87
2090.43 7654.63
2091.45 7657.36
2092.44 7660.18
2093.44 7662.98
2094.44 7665.66
2095.44 7668.33
2096.43 7670.89
2097.45 7673.34
2098.44 7675.89
2099.44 7678.63
2100.44 7681.29
2101.43 7683.92
2102.44 7686.59
2103.44 7689.38
2104.44 7692.09
2105.44 7694.79
2106.44 7697.48
2107.44 7700.20
2108.44 7702.93
2109.43 7705.61
2110.43 7708.34
2111.44 7710.95
2112.44 7713.62
2113.44 7716.29
2114.44 7718.99
2115.43 7721.56
2116.45 7724.18
2117.44 7726.66
2118.43 7729.29
2119.44 7731.92
2120.44 7734.44
2121.45 7736.93
2122.44 7739.28
2123.44 7741.86
2124.44 7744.31
2125.44 7746.91
2126.44 7749.42
2127.45 7751.98
2128.45 7754.57
2129.45 7757.11
2130.45 7759.67
2131.43 7762.18
2132.44 7764.75
2133.45 7767.30
2134.45 7769.93
2135.45 7772.46
2136.44 7774.98
2137.45 7777.58
2138.44 7780.10
2139.43 7782.60
2140.45 7785.26
2141.48 7787.75
2142.45 7789.90
2143.45 7792.18
2144.44 7794.48
2145.45 7797.06
2146.44 7799.58
2147.45 7802.20
2148.45 7804.87
2149.44 7807.46
2150.44 7810.08
2151.44 7812.57
2152.45 7815.23
2153.44 7817.78
2154.43 7820.41
2155.45 7823.13
2156.44 7825.68
2157.44 7828.42
2158.45 7831.19
2159.44 7833.88
2160.44 7836.77
2161.45 7839.53
2162.44 7842.45
2163.44 7845.14
2164.44 7847.95
2165.45 7850.81
2166.45 7853.64
2167.44 7856.54
2168.45 7859.50
2169.45 7862.33
2170.44 7865.16
2171.45 7867.85
2172.44 7870.56
2173.45 7873.44
2174.45 7876.26
2175.45 7879.02
2176.44 7881.81
2177.44 7884.67
2178.44 7887.61
2179.45 7890.42
2180.45 7893.17
2181.45 7895.87
2182.45 7898.76
2183.45 7901.65
2184.44 7904.47
2185.45 7907.38
2186.44 7910.20
2187.45 7913.10
2188.44 7915.95
2189.45 7918.98
2190.44 7921.95
2191.45 7924.82
2192.44 7927.77
2193.45 7930.67
2194.45 7933.63
2195.45 7936.53
2196.44 7939.40
2197.44 7942.29
2198.44 7945.15
2199.45 7948.15
2200.45 7951.08
2201.45 7953.89
2202.45 7956.86
2203.44 7959.79
2204.45 7962.66
2205.45 7965.55
2206.44 7968.46
2207.45 7971.46
2208.44 7974.21
2209.44 7977.19
2210.44 7980.15
2211.45 7983.15
2212.45 7986.08
2213.45 7988.99
2214.45 7991.94
2215.44 7994.92
2216.44 7997.91
2217.45 8000.86
2218.45 8003.82
2219.44 8006.71
2220.44 8009.69
2221.45 8012.61
2222.45 8015.57
2223.45 8018.51
2224.45 8021.35
2225.45 8024.29
2226.45 8027.26
